[INFO] Scanning for projects...
[INFO] 
[INFO] ------------------< com.musicroom:musicroom-backend >-------------------
[INFO] Building musicroom-backend 0.0.1-SNAPSHOT
[INFO]   from pom.xml
[INFO] --------------------------------[ jar ]---------------------------------
[INFO] 
[INFO] >>> spring-boot:3.4.4:run (default-cli) > test-compile @ musicroom-backend >>>
[INFO] 
[INFO] --- resources:3.3.1:resources (default-resources) @ musicroom-backend ---
[INFO] Copying 1 resource from src/main/resources to target/classes
[INFO] Copying 0 resource from src/main/resources to target/classes
[INFO] 
[INFO] --- compiler:3.11.0:compile (default-compile) @ musicroom-backend ---
[INFO] Nothing to compile - all classes are up to date
[INFO] 
[INFO] --- resources:3.3.1:testResources (default-testResources) @ musicroom-backend ---
[INFO] skip non existing resourceDirectory /home/afanti/Desktop/latest_Music_room/backend/musicroom/src/test/resources
[INFO] 
[INFO] --- compiler:3.11.0:testCompile (default-testCompile) @ musicroom-backend ---
[INFO] Changes detected - recompiling the module! :source
[INFO] Compiling 1 source file with javac [debug release 17] to target/test-classes
WARNING: A terminally deprecated method in sun.misc.Unsafe has been called
WARNING: sun.misc.Unsafe::objectFieldOffset has been called by lombok.permit.Permit
WARNING: Please consider reporting this to the maintainers of class lombok.permit.Permit
WARNING: sun.misc.Unsafe::objectFieldOffset will be removed in a future release
[INFO] 
[INFO] <<< spring-boot:3.4.4:run (default-cli) < test-compile @ musicroom-backend <<<
[INFO] 
[INFO] 
[INFO] --- spring-boot:3.4.4:run (default-cli) @ musicroom-backend ---
[INFO] Attaching agents: []

  .   ____          _            __ _ _
 /\\ / ___'_ __ _ _(_)_ __  __ _ \ \ \ \
( ( )\___ | '_ | '_| | '_ \/ _` | \ \ \ \
 \\/  ___)| |_)| | | | | || (_| |  ) ) ) )
  '  |____| .__|_| |_|_| |_\__, | / / / /
 =========|_|==============|___/=/_/_/_/

 :: Spring Boot ::                (v3.4.4)

2026-04-23T11:17:59.640+01:00  INFO 144150 --- [musicroom] [           main] c.m.musicroom.MusicroomApplication       : Starting MusicroomApplication using Java 25 with PID 144150 (/home/afanti/Desktop/latest_Music_room/backend/musicroom/target/classes started by afanti in /home/afanti/Desktop/latest_Music_room/backend/musicroom)
2026-04-23T11:17:59.641+01:00  INFO 144150 --- [musicroom] [           main] c.m.musicroom.MusicroomApplication       : No active profile set, falling back to 1 default profile: "default"
2026-04-23T11:17:59.910+01:00  INFO 144150 --- [musicroom] [           main] .s.d.r.c.RepositoryConfigurationDelegate : Bootstrapping Spring Data JPA repositories in DEFAULT mode.
2026-04-23T11:17:59.935+01:00  INFO 144150 --- [musicroom] [           main] .s.d.r.c.RepositoryConfigurationDelegate : Finished Spring Data repository scanning in 20 ms. Found 1 JPA repository interface.
2026-04-23T11:18:00.186+01:00  INFO 144150 --- [musicroom] [           main] o.s.b.w.embedded.tomcat.TomcatWebServer  : Tomcat initialized with port 8080 (http)
2026-04-23T11:18:00.194+01:00  INFO 144150 --- [musicroom] [           main] o.apache.catalina.core.StandardService   : Starting service [Tomcat]
2026-04-23T11:18:00.194+01:00  INFO 144150 --- [musicroom] [           main] o.apache.catalina.core.StandardEngine    : Starting Servlet engine: [Apache Tomcat/10.1.39]
2026-04-23T11:18:00.215+01:00  INFO 144150 --- [musicroom] [           main] o.a.c.c.C.[Tomcat].[localhost].[/]       : Initializing Spring embedded WebApplicationContext
2026-04-23T11:18:00.215+01:00  INFO 144150 --- [musicroom] [           main] w.s.c.ServletWebServerApplicationContext : Root WebApplicationContext: initialization completed in 550 ms
2026-04-23T11:18:00.296+01:00  INFO 144150 --- [musicroom] [           main] o.hibernate.jpa.internal.util.LogHelper  : HHH000204: Processing PersistenceUnitInfo [name: default]
2026-04-23T11:18:00.315+01:00  INFO 144150 --- [musicroom] [           main] org.hibernate.Version                    : HHH000412: Hibernate ORM core version 6.6.11.Final
2026-04-23T11:18:00.336+01:00  INFO 144150 --- [musicroom] [           main] o.h.c.internal.RegionFactoryInitiator    : HHH000026: Second-level cache disabled
2026-04-23T11:18:00.451+01:00  INFO 144150 --- [musicroom] [           main] o.s.o.j.p.SpringPersistenceUnitInfo      : No LoadTimeWeaver setup: ignoring JPA class transformer
2026-04-23T11:18:00.464+01:00  INFO 144150 --- [musicroom] [           main] com.zaxxer.hikari.HikariDataSource       : HikariPool-1 - Starting...
2026-04-23T11:18:00.545+01:00  INFO 144150 --- [musicroom] [           main] com.zaxxer.hikari.pool.HikariPool        : HikariPool-1 - Added connection org.postgresql.jdbc.PgConnection@63485d7
2026-04-23T11:18:00.546+01:00  INFO 144150 --- [musicroom] [           main] com.zaxxer.hikari.HikariDataSource       : HikariPool-1 - Start completed.
2026-04-23T11:18:00.564+01:00  WARN 144150 --- [musicroom] [           main] org.hibernate.orm.deprecation            : HHH90000025: PostgreSQLDialect does not need to be specified explicitly using 'hibernate.dialect' (remove the property setting and it will be selected by default)
2026-04-23T11:18:00.575+01:00  INFO 144150 --- [musicroom] [           main] org.hibernate.orm.connections.pooling    : HHH10001005: Database info:
	Database JDBC URL [Connecting through datasource 'HikariDataSource (HikariPool-1)']
	Database driver: undefined/unknown
	Database version: 15.17
	Autocommit mode: undefined/unknown
	Isolation level: undefined/unknown
	Minimum pool size: undefined/unknown
	Maximum pool size: undefined/unknown
2026-04-23T11:18:01.089+01:00  INFO 144150 --- [musicroom] [           main] o.h.e.t.j.p.i.JtaPlatformInitiator       : HHH000489: No JTA platform available (set 'hibernate.transaction.jta.platform' to enable JTA platform integration)
Hibernate: set client_min_messages = WARNING
Hibernate: alter table if exists delegations drop constraint if exists FK9cq04aid0p5mivi9or4idxj3r
Hibernate: alter table if exists delegations drop constraint if exists FKh7svyrk18elenupffpemga01c
Hibernate: alter table if exists delegations drop constraint if exists FK3yefbf09dy1b9pifhb9es4w60
Hibernate: alter table if exists devices drop constraint if exists FKrfbri1ymrwywdydc4dgywe1bt
Hibernate: alter table if exists event_invites drop constraint if exists FKad5hvgrlbmgaqchsf1c56ir59
Hibernate: alter table if exists event_invites drop constraint if exists FKmcjin9squb8mcybpwl93da4aq
Hibernate: alter table if exists event_playlist drop constraint if exists FKpte1wlmdxon1mt1out6ldggrk
Hibernate: alter table if exists event_playlist drop constraint if exists FK5mfod904sig18lviiwwy84cmh
Hibernate: alter table if exists event_playlist drop constraint if exists FKt8ds4wj1lga3gpfswok61ary0
Hibernate: alter table if exists events drop constraint if exists FK96020fdrh2ek9xdmoe9of7tdy
Hibernate: alter table if exists friendships drop constraint if exists FKeq5r8dvxs43wkt7or9pdno9av
Hibernate: alter table if exists friendships drop constraint if exists FKas6bp8so5n3pfcqtfxt72e1ii
Hibernate: alter table if exists playlist_invites drop constraint if exists FKoog17n80gjrymyfgv1xrbasfi
Hibernate: alter table if exists playlist_invites drop constraint if exists FKtnkdt0wsfk330alstbl5092qj
Hibernate: alter table if exists playlist_operations drop constraint if exists FKcwnodtfkrbp8ux343qoiemsgy
Hibernate: alter table if exists playlist_tracks drop constraint if exists FKn9g4py06v2tmrisjdvxvjeb7x
Hibernate: alter table if exists playlist_tracks drop constraint if exists FKhjkawu4qwjhxcpveah0pymuct
Hibernate: alter table if exists playlists drop constraint if exists FKn0r1rrm19f8j7wfl656bd9sus
Hibernate: alter table if exists votes drop constraint if exists FK9scjc8k96nsuoivr6ibl9tg9f
Hibernate: alter table if exists votes drop constraint if exists FKli4uj3ic2vypf5pialchj925e
Hibernate: drop table if exists delegations cascade
Hibernate: drop table if exists devices cascade
Hibernate: drop table if exists event_invites cascade
Hibernate: drop table if exists event_playlist cascade
Hibernate: drop table if exists events cascade
Hibernate: drop table if exists friendships cascade
Hibernate: drop table if exists logs cascade
Hibernate: drop table if exists playlist_invites cascade
Hibernate: drop table if exists playlist_operations cascade
Hibernate: drop table if exists playlist_tracks cascade
Hibernate: drop table if exists playlists cascade
Hibernate: drop table if exists tracks cascade
Hibernate: drop table if exists users cascade
Hibernate: drop table if exists votes cascade
Hibernate: create table delegations (is_active boolean not null, created_at timestamp(6), expires_at timestamp(6), delegate_id uuid not null, device_id uuid not null, id uuid not null, owner_id uuid not null, permission_level varchar(255) not null, primary key (id))
Hibernate: create table devices (created_at timestamp(6), last_seen timestamp(6), id uuid not null, user_id uuid not null, app_version varchar(255), device_name varchar(255), platform varchar(255), push_token varchar(255), primary key (id))
Hibernate: create table event_invites (created_at timestamp(6), event_id uuid not null, id uuid not null, user_id uuid not null, role varchar(255) not null, primary key (id), unique (event_id, user_id))
Hibernate: create table event_playlist (position integer not null, vote_count integer not null, suggested_at timestamp(6), event_id uuid not null, id uuid not null, suggested_by uuid, track_id uuid not null, status varchar(255) not null, primary key (id))
Hibernate: create table events (is_active boolean not null, latitude float(53), longitude float(53), created_at timestamp(6), ends_at timestamp(6), starts_at timestamp(6), id uuid not null, owner_id uuid not null, description varchar(255), license_type varchar(255) not null, name varchar(255) not null, visibility varchar(255) not null, primary key (id))
Hibernate: create table friendships (created_at timestamp(6), addressee_id uuid not null, id uuid not null, requester_id uuid not null, status varchar(255) not null, primary key (id), unique (requester_id, addressee_id))
Hibernate: create table logs (created_at timestamp(6), device_id uuid, id uuid not null, user_id uuid, action varchar(255) not null, app_version varchar(255), ip_address varchar(255), platform varchar(255), metadata jsonb, primary key (id))
Hibernate: create table playlist_invites (created_at timestamp(6), id uuid not null, playlist_id uuid not null, user_id uuid not null, permission varchar(255) not null, primary key (id), unique (playlist_id, user_id))
Hibernate: create table playlist_operations (version integer not null, created_at timestamp(6), id uuid not null, playlist_id uuid not null, user_id uuid, operation varchar(255) not null, payload jsonb, primary key (id))
Hibernate: create table playlist_tracks (position integer not null, added_at timestamp(6), added_by uuid, id uuid not null, playlist_id uuid not null, track_id uuid not null, primary key (id))
Hibernate: create table playlists (version integer not null, created_at timestamp(6), updated_at timestamp(6), id uuid not null, owner_id uuid not null, description varchar(255), license_type varchar(255) not null, name varchar(255) not null, visibility varchar(255) not null, primary key (id))
Hibernate: create table tracks (duration_ms integer, created_at timestamp(6), id uuid not null, album varchar(255), artist varchar(255), cover_url varchar(255), external_id varchar(255) not null, provider varchar(255) not null, title varchar(255) not null, primary key (id), unique (external_id, provider))
Hibernate: create table users (email_verified boolean, created_at timestamp(6), updated_at timestamp(6), id uuid not null, auth_provider varchar(255) not null, avatar_url varchar(255), display_name varchar(255) not null, email varchar(255) not null unique, password_hash varchar(255), provider_id varchar(255), friends_info jsonb, music_preferences jsonb, private_info jsonb, public_info jsonb, primary key (id))
Hibernate: create table votes (value integer not null, voted_at timestamp(6), id uuid not null, playlist_entry_id uuid not null, user_id uuid not null, primary key (id), unique (playlist_entry_id, user_id))
Hibernate: alter table if exists delegations add constraint FK9cq04aid0p5mivi9or4idxj3r foreign key (delegate_id) references users
Hibernate: alter table if exists delegations add constraint FKh7svyrk18elenupffpemga01c foreign key (device_id) references devices
Hibernate: alter table if exists delegations add constraint FK3yefbf09dy1b9pifhb9es4w60 foreign key (owner_id) references users
Hibernate: alter table if exists devices add constraint FKrfbri1ymrwywdydc4dgywe1bt foreign key (user_id) references users
Hibernate: alter table if exists event_invites add constraint FKad5hvgrlbmgaqchsf1c56ir59 foreign key (event_id) references events
Hibernate: alter table if exists event_invites add constraint FKmcjin9squb8mcybpwl93da4aq foreign key (user_id) references users
Hibernate: alter table if exists event_playlist add constraint FKpte1wlmdxon1mt1out6ldggrk foreign key (event_id) references events
Hibernate: alter table if exists event_playlist add constraint FK5mfod904sig18lviiwwy84cmh foreign key (suggested_by) references users
Hibernate: alter table if exists event_playlist add constraint FKt8ds4wj1lga3gpfswok61ary0 foreign key (track_id) references tracks
Hibernate: alter table if exists events add constraint FK96020fdrh2ek9xdmoe9of7tdy foreign key (owner_id) references users
Hibernate: alter table if exists friendships add constraint FKeq5r8dvxs43wkt7or9pdno9av foreign key (addressee_id) references users
Hibernate: alter table if exists friendships add constraint FKas6bp8so5n3pfcqtfxt72e1ii foreign key (requester_id) references users
Hibernate: alter table if exists playlist_invites add constraint FKoog17n80gjrymyfgv1xrbasfi foreign key (playlist_id) references playlists
Hibernate: alter table if exists playlist_invites add constraint FKtnkdt0wsfk330alstbl5092qj foreign key (user_id) references users
Hibernate: alter table if exists playlist_operations add constraint FKcwnodtfkrbp8ux343qoiemsgy foreign key (playlist_id) references playlists
Hibernate: alter table if exists playlist_tracks add constraint FKn9g4py06v2tmrisjdvxvjeb7x foreign key (playlist_id) references playlists
Hibernate: alter table if exists playlist_tracks add constraint FKhjkawu4qwjhxcpveah0pymuct foreign key (track_id) references tracks
Hibernate: alter table if exists playlists add constraint FKn0r1rrm19f8j7wfl656bd9sus foreign key (owner_id) references users
Hibernate: alter table if exists votes add constraint FK9scjc8k96nsuoivr6ibl9tg9f foreign key (playlist_entry_id) references event_playlist
Hibernate: alter table if exists votes add constraint FKli4uj3ic2vypf5pialchj925e foreign key (user_id) references users
2026-04-23T11:18:01.199+01:00  INFO 144150 --- [musicroom] [           main] j.LocalContainerEntityManagerFactoryBean : Initialized JPA EntityManagerFactory for persistence unit 'default'
2026-04-23T11:18:01.346+01:00  WARN 144150 --- [musicroom] [           main] JpaBaseConfiguration$JpaWebConfiguration : spring.jpa.open-in-view is enabled by default. Therefore, database queries may be performed during view rendering. Explicitly configure spring.jpa.open-in-view to disable this warning
2026-04-23T11:18:01.354+01:00  WARN 144150 --- [musicroom] [           main] .s.s.UserDetailsServiceAutoConfiguration : 

Using generated security password: 9d2274da-26b0-42a3-b3fe-53d35b471438

This generated password is for development use only. Your security configuration must be updated before running your application in production.

2026-04-23T11:18:01.356+01:00  INFO 144150 --- [musicroom] [           main] r$InitializeUserDetailsManagerConfigurer : Global AuthenticationManager configured with UserDetailsService bean with name inMemoryUserDetailsManager
2026-04-23T11:18:01.573+01:00  WARN 144150 --- [musicroom] [           main] ConfigServletWebServerApplicationContext : Exception encountered during context initialization - cancelling refresh attempt: org.springframework.context.ApplicationContextException: Failed to start bean 'webServerStartStop'
2026-04-23T11:18:01.575+01:00  INFO 144150 --- [musicroom] [           main] j.LocalContainerEntityManagerFactoryBean : Closing JPA EntityManagerFactory for persistence unit 'default'
Hibernate: set client_min_messages = WARNING
Hibernate: alter table if exists delegations drop constraint if exists FK9cq04aid0p5mivi9or4idxj3r
Hibernate: alter table if exists delegations drop constraint if exists FKh7svyrk18elenupffpemga01c
Hibernate: alter table if exists delegations drop constraint if exists FK3yefbf09dy1b9pifhb9es4w60
Hibernate: alter table if exists devices drop constraint if exists FKrfbri1ymrwywdydc4dgywe1bt
Hibernate: alter table if exists event_invites drop constraint if exists FKad5hvgrlbmgaqchsf1c56ir59
Hibernate: alter table if exists event_invites drop constraint if exists FKmcjin9squb8mcybpwl93da4aq
Hibernate: alter table if exists event_playlist drop constraint if exists FKpte1wlmdxon1mt1out6ldggrk
Hibernate: alter table if exists event_playlist drop constraint if exists FK5mfod904sig18lviiwwy84cmh
Hibernate: alter table if exists event_playlist drop constraint if exists FKt8ds4wj1lga3gpfswok61ary0
Hibernate: alter table if exists events drop constraint if exists FK96020fdrh2ek9xdmoe9of7tdy
Hibernate: alter table if exists friendships drop constraint if exists FKeq5r8dvxs43wkt7or9pdno9av
Hibernate: alter table if exists friendships drop constraint if exists FKas6bp8so5n3pfcqtfxt72e1ii
Hibernate: alter table if exists playlist_invites drop constraint if exists FKoog17n80gjrymyfgv1xrbasfi
Hibernate: alter table if exists playlist_invites drop constraint if exists FKtnkdt0wsfk330alstbl5092qj
Hibernate: alter table if exists playlist_operations drop constraint if exists FKcwnodtfkrbp8ux343qoiemsgy
Hibernate: alter table if exists playlist_tracks drop constraint if exists FKn9g4py06v2tmrisjdvxvjeb7x
Hibernate: alter table if exists playlist_tracks drop constraint if exists FKhjkawu4qwjhxcpveah0pymuct
Hibernate: alter table if exists playlists drop constraint if exists FKn0r1rrm19f8j7wfl656bd9sus
Hibernate: alter table if exists votes drop constraint if exists FK9scjc8k96nsuoivr6ibl9tg9f
Hibernate: alter table if exists votes drop constraint if exists FKli4uj3ic2vypf5pialchj925e
Hibernate: drop table if exists delegations cascade
Hibernate: drop table if exists devices cascade
Hibernate: drop table if exists event_invites cascade
Hibernate: drop table if exists event_playlist cascade
Hibernate: drop table if exists events cascade
Hibernate: drop table if exists friendships cascade
Hibernate: drop table if exists logs cascade
Hibernate: drop table if exists playlist_invites cascade
Hibernate: drop table if exists playlist_operations cascade
Hibernate: drop table if exists playlist_tracks cascade
Hibernate: drop table if exists playlists cascade
Hibernate: drop table if exists tracks cascade
Hibernate: drop table if exists users cascade
Hibernate: drop table if exists votes cascade
2026-04-23T11:18:01.634+01:00  INFO 144150 --- [musicroom] [           main] com.zaxxer.hikari.HikariDataSource       : HikariPool-1 - Shutdown initiated...
2026-04-23T11:18:01.637+01:00  INFO 144150 --- [musicroom] [           main] com.zaxxer.hikari.HikariDataSource       : HikariPool-1 - Shutdown completed.
2026-04-23T11:18:01.643+01:00  INFO 144150 --- [musicroom] [           main] .s.b.a.l.ConditionEvaluationReportLogger : 

Error starting ApplicationContext. To display the condition evaluation report re-run your application with 'debug' enabled.
2026-04-23T11:18:01.655+01:00 ERROR 144150 --- [musicroom] [           main] o.s.b.d.LoggingFailureAnalysisReporter   : 

***************************
APPLICATION FAILED TO START
***************************

Description:

Web server failed to start. Port 8080 was already in use.

Action:

Identify and stop the process that's listening on port 8080 or configure this application to listen on another port.

[INFO] ------------------------------------------------------------------------
[INFO] BUILD FAILURE
[INFO] ------------------------------------------------------------------------
[INFO] Total time:  3.493 s
[INFO] Finished at: 2026-04-23T11:18:01+01:00
[INFO] ------------------------------------------------------------------------
[ERROR] Failed to execute goal org.springframework.boot:spring-boot-maven-plugin:3.4.4:run (default-cli) on project musicroom-backend: Process terminated with exit code: 1 -> [Help 1]
[ERROR] 
[ERROR] To see the full stack trace of the errors, re-run Maven with the -e switch.
[ERROR] Re-run Maven using the -X switch to enable full debug logging.
[ERROR] 
[ERROR] For more information about the errors and possible solutions, please read the following articles:
[ERROR] [Help 1] http://cwiki.apache.org/confluence/display/MAVEN/MojoExecutionException
